Absa Backup/randing/randing-app/app/build/intermediates/manifest_merge_blame_file/debug/manifest-merger-blame-debug-report.txt
1<?xml version="1.0" encoding="utf-8"?>
2<manifest xmlns:android="http://schemas.android.com/apk/res/android"
3    package="com.fabirt.randing"
4    android:versionCode="8"
5    android:versionName="1.0.2" >
6
7    <uses-sdk
8        android:minSdkVersion="23"
8-->src/main/AndroidManifest.xml
9        android:targetSdkVersion="30" />
9-->src/main/AndroidManifest.xml
10
11    <uses-permission android:name="android.permission.READ_EXTERNAL_STORAGE" />
11-->src/main/AndroidManifest.xml:5:5-80
11-->src/main/AndroidManifest.xml:5:22-77
12    <uses-permission android:name="android.permission.VIBRATE" />
12-->src/main/AndroidManifest.xml:6:5-66
12-->src/main/AndroidManifest.xml:6:22-63
13    <uses-permission android:name="android.permission.WAKE_LOCK" />
13-->[androidx.work:work-runtime:2.3.4] AndroidManifest.xml:25:5-68
13-->[androidx.work:work-runtime:2.3.4] AndroidManifest.xml:25:22-65
14    <uses-permission android:name="android.permission.ACCESS_NETWORK_STATE" />
14-->[androidx.work:work-runtime:2.3.4] AndroidManifest.xml:26:5-79
14-->[androidx.work:work-runtime:2.3.4] AndroidManifest.xml:26:22-76
15    <uses-permission android:name="android.permission.RECEIVE_BOOT_COMPLETED" />
15-->[androidx.work:work-runtime:2.3.4] AndroidManifest.xml:27:5-81
15-->[androidx.work:work-runtime:2.3.4] AndroidManifest.xml:27:22-78
16    <uses-permission android:name="android.permission.FOREGROUND_SERVICE" />
16-->[androidx.work:work-runtime:2.3.4] AndroidManifest.xml:28:5-77
16-->[androidx.work:work-runtime:2.3.4] AndroidManifest.xml:28:22-74
17
18    <application
18-->src/main/AndroidManifest.xml:8:5-52:19
19        android:name="com.money.randing.application.RandingApplication"
19-->src/main/AndroidManifest.xml:9:9-72
20        android:allowBackup="false"
20-->src/main/AndroidManifest.xml:10:9-36
21        android:appComponentFactory="androidx.core.app.CoreComponentFactory"
21-->[androidx.core:core:1.5.0-beta03] AndroidManifest.xml:24:18-86
22        android:debuggable="true"
23        android:extractNativeLibs="false"
24        android:icon="@drawable/ic_launcher"
24-->src/main/AndroidManifest.xml:11:9-45
25        android:label="@string/app_name"
25-->src/main/AndroidManifest.xml:12:9-41
26        android:roundIcon="@drawable/ic_launcher"
26-->src/main/AndroidManifest.xml:13:9-50
27        android:supportsRtl="true"
27-->src/main/AndroidManifest.xml:14:9-35
28        android:testOnly="true"
29        android:theme="@style/Theme.App.Launch" >
29-->src/main/AndroidManifest.xml:15:9-48
30        <activity
30-->src/main/AndroidManifest.xml:16:9-30:20
31            android:name="com.money.randing.ui.MainActivity"
31-->src/main/AndroidManifest.xml:17:13-61
32            android:launchMode="singleTop"
32-->src/main/AndroidManifest.xml:18:13-43
33            android:screenOrientation="portrait"
33-->src/main/AndroidManifest.xml:19:13-49
34            android:windowSoftInputMode="adjustResize" >
34-->src/main/AndroidManifest.xml:20:13-55
35            <intent-filter>
35-->src/main/AndroidManifest.xml:21:13-24:29
36                <action android:name="android.intent.action.MAIN" />
36-->src/main/AndroidManifest.xml:22:17-69
36-->src/main/AndroidManifest.xml:22:25-66
37
38                <category android:name="android.intent.category.LAUNCHER" />
38-->src/main/AndroidManifest.xml:23:17-77
38-->src/main/AndroidManifest.xml:23:27-74
39            </intent-filter>
40
41            <!-- App shortcuts -->
42            <meta-data
42-->src/main/AndroidManifest.xml:27:13-29:53
43                android:name="android.app.shortcuts"
43-->src/main/AndroidManifest.xml:28:17-53
44                android:resource="@xml/shortcuts" />
44-->src/main/AndroidManifest.xml:29:17-50
45        </activity>
46
47        <!-- App Widget -->
48        <receiver android:name="com.money.randing.application.SummaryWidgetProvider" >
48-->src/main/AndroidManifest.xml:33:9-40:20
48-->src/main/AndroidManifest.xml:33:19-85
49            <intent-filter>
49-->src/main/AndroidManifest.xml:34:13-36:29
50                <action android:name="android.appwidget.action.APPWIDGET_UPDATE" />
50-->src/main/AndroidManifest.xml:35:17-84
50-->src/main/AndroidManifest.xml:35:25-81
51            </intent-filter>
52
53            <meta-data
53-->src/main/AndroidManifest.xml:37:13-39:66
54                android:name="android.appwidget.provider"
54-->src/main/AndroidManifest.xml:38:17-58
55                android:resource="@xml/summary_appwidget_info" />
55-->src/main/AndroidManifest.xml:39:17-63
56        </receiver>
57
58        <!-- File provider -->
59        <provider
59-->src/main/AndroidManifest.xml:43:9-51:20
60            android:name="androidx.core.content.FileProvider"
60-->src/main/AndroidManifest.xml:44:13-62
61            android:authorities="com.fabirt.fileprovider"
61-->src/main/AndroidManifest.xml:45:13-58
62            android:exported="false"
62-->src/main/AndroidManifest.xml:46:13-37
63            android:grantUriPermissions="true" >
63-->src/main/AndroidManifest.xml:47:13-47
64            <meta-data
64-->src/main/AndroidManifest.xml:48:13-50:54
65                android:name="android.support.FILE_PROVIDER_PATHS"
65-->src/main/AndroidManifest.xml:49:17-67
66                android:resource="@xml/file_paths" />
66-->src/main/AndroidManifest.xml:50:17-51
67        </provider>
68        <provider
68-->[androidx.work:work-runtime:2.3.4] AndroidManifest.xml:31:9-37:35
69            android:name="androidx.work.impl.WorkManagerInitializer"
69-->[androidx.work:work-runtime:2.3.4] AndroidManifest.xml:32:13-69
70            android:authorities="com.fabirt.randing.workmanager-init"
70-->[androidx.work:work-runtime:2.3.4] AndroidManifest.xml:33:13-68
71            android:directBootAware="false"
71-->[androidx.work:work-runtime:2.3.4] AndroidManifest.xml:34:13-44
72            android:exported="false"
72-->[androidx.work:work-runtime:2.3.4] AndroidManifest.xml:35:13-37
73            android:multiprocess="true" />
73-->[androidx.work:work-runtime:2.3.4] AndroidManifest.xml:36:13-40
74
75        <service
75-->[androidx.work:work-runtime:2.3.4] AndroidManifest.xml:39:9-44:35
76            android:name="androidx.work.impl.background.systemalarm.SystemAlarmService"
76-->[androidx.work:work-runtime:2.3.4] AndroidManifest.xml:40:13-88
77            android:directBootAware="false"
77-->[androidx.work:work-runtime:2.3.4] AndroidManifest.xml:41:13-44
78            android:enabled="@bool/enable_system_alarm_service_default"
78-->[androidx.work:work-runtime:2.3.4] AndroidManifest.xml:42:13-72
79            android:exported="false" />
79-->[androidx.work:work-runtime:2.3.4] AndroidManifest.xml:43:13-37
80        <service
80-->[androidx.work:work-runtime:2.3.4] AndroidManifest.xml:45:9-51:35
81            android:name="androidx.work.impl.background.systemjob.SystemJobService"
81-->[androidx.work:work-runtime:2.3.4] AndroidManifest.xml:46:13-84
82            android:directBootAware="false"
82-->[androidx.work:work-runtime:2.3.4] AndroidManifest.xml:47:13-44
83            android:enabled="@bool/enable_system_job_service_default"
83-->[androidx.work:work-runtime:2.3.4] AndroidManifest.xml:48:13-70
84            android:exported="true"
84-->[androidx.work:work-runtime:2.3.4] AndroidManifest.xml:49:13-36
85            android:permission="android.permission.BIND_JOB_SERVICE" />
85-->[androidx.work:work-runtime:2.3.4] AndroidManifest.xml:50:13-69
86        <service
86-->[androidx.work:work-runtime:2.3.4] AndroidManifest.xml:52:9-57:35
87            android:name="androidx.work.impl.foreground.SystemForegroundService"
87-->[androidx.work:work-runtime:2.3.4] AndroidManifest.xml:53:13-81
88            android:directBootAware="false"
88-->[androidx.work:work-runtime:2.3.4] AndroidManifest.xml:54:13-44
89            android:enabled="@bool/enable_system_foreground_service_default"
89-->[androidx.work:work-runtime:2.3.4] AndroidManifest.xml:55:13-77
90            android:exported="false" />
90-->[androidx.work:work-runtime:2.3.4] AndroidManifest.xml:56:13-37
91
92        <receiver
92-->[androidx.work:work-runtime:2.3.4] AndroidManifest.xml:59:9-64:35
93            android:name="androidx.work.impl.utils.ForceStopRunnable$BroadcastReceiver"
93-->[androidx.work:work-runtime:2.3.4] AndroidManifest.xml:60:13-88
94            android:directBootAware="false"
94-->[androidx.work:work-runtime:2.3.4] AndroidManifest.xml:61:13-44
95            android:enabled="true"
95-->[androidx.work:work-runtime:2.3.4] AndroidManifest.xml:62:13-35
96            android:exported="false" />
96-->[androidx.work:work-runtime:2.3.4] AndroidManifest.xml:63:13-37
97        <receiver
97-->[androidx.work:work-runtime:2.3.4] AndroidManifest.xml:65:9-75:20
98            android:name="androidx.work.impl.background.systemalarm.ConstraintProxy$BatteryChargingProxy"
98-->[androidx.work:work-runtime:2.3.4] AndroidManifest.xml:66:13-106
99            android:directBootAware="false"
99-->[androidx.work:work-runtime:2.3.4] AndroidManifest.xml:67:13-44
100            android:enabled="false"
100-->[androidx.work:work-runtime:2.3.4] AndroidManifest.xml:68:13-36
101            android:exported="false" >
101-->[androidx.work:work-runtime:2.3.4] AndroidManifest.xml:69:13-37
102            <intent-filter>
102-->[androidx.work:work-runtime:2.3.4] AndroidManifest.xml:71:13-74:29
103                <action android:name="android.intent.action.ACTION_POWER_CONNECTED" />
103-->[androidx.work:work-runtime:2.3.4] AndroidManifest.xml:72:17-87
103-->[androidx.work:work-runtime:2.3.4] AndroidManifest.xml:72:25-84
104                <action android:name="android.intent.action.ACTION_POWER_DISCONNECTED" />
104-->[androidx.work:work-runtime:2.3.4] AndroidManifest.xml:73:17-90
104-->[androidx.work:work-runtime:2.3.4] AndroidManifest.xml:73:25-87
105            </intent-filter>
106        </receiver>
107        <receiver
107-->[androidx.work:work-runtime:2.3.4] AndroidManifest.xml:76:9-86:20
108            android:name="androidx.work.impl.background.systemalarm.ConstraintProxy$BatteryNotLowProxy"
108-->[androidx.work:work-runtime:2.3.4] AndroidManifest.xml:77:13-104
109            android:directBootAware="false"
109-->[androidx.work:work-runtime:2.3.4] AndroidManifest.xml:78:13-44
110            android:enabled="false"
110-->[androidx.work:work-runtime:2.3.4] AndroidManifest.xml:79:13-36
111            android:exported="false" >
111-->[androidx.work:work-runtime:2.3.4] AndroidManifest.xml:80:13-37
112            <intent-filter>
112-->[androidx.work:work-runtime:2.3.4] AndroidManifest.xml:82:13-85:29
113                <action android:name="android.intent.action.BATTERY_OKAY" />
113-->[androidx.work:work-runtime:2.3.4] AndroidManifest.xml:83:17-77
113-->[androidx.work:work-runtime:2.3.4] AndroidManifest.xml:83:25-74
114                <action android:name="android.intent.action.BATTERY_LOW" />
114-->[androidx.work:work-runtime:2.3.4] AndroidManifest.xml:84:17-76
114-->[androidx.work:work-runtime:2.3.4] AndroidManifest.xml:84:25-73
115            </intent-filter>
116        </receiver>
117        <receiver
117-->[androidx.work:work-runtime:2.3.4] AndroidManifest.xml:87:9-97:20
118            android:name="androidx.work.impl.background.systemalarm.ConstraintProxy$StorageNotLowProxy"
118-->[androidx.work:work-runtime:2.3.4] AndroidManifest.xml:88:13-104
119            android:directBootAware="false"
119-->[androidx.work:work-runtime:2.3.4] AndroidManifest.xml:89:13-44
120            android:enabled="false"
120-->[androidx.work:work-runtime:2.3.4] AndroidManifest.xml:90:13-36
121            android:exported="false" >
121-->[androidx.work:work-runtime:2.3.4] AndroidManifest.xml:91:13-37
122            <intent-filter>
122-->[androidx.work:work-runtime:2.3.4] AndroidManifest.xml:93:13-96:29
123                <action android:name="android.intent.action.DEVICE_STORAGE_LOW" />
123-->[androidx.work:work-runtime:2.3.4] AndroidManifest.xml:94:17-83
123-->[androidx.work:work-runtime:2.3.4] AndroidManifest.xml:94:25-80
124                <action android:name="android.intent.action.DEVICE_STORAGE_OK" />
124-->[androidx.work:work-runtime:2.3.4] AndroidManifest.xml:95:17-82
124-->[androidx.work:work-runtime:2.3.4] AndroidManifest.xml:95:25-79
125            </intent-filter>
126        </receiver>
127        <receiver
127-->[androidx.work:work-runtime:2.3.4] AndroidManifest.xml:98:9-107:20
128            android:name="androidx.work.impl.background.systemalarm.ConstraintProxy$NetworkStateProxy"
128-->[androidx.work:work-runtime:2.3.4] AndroidManifest.xml:99:13-103
129            android:directBootAware="false"
129-->[androidx.work:work-runtime:2.3.4] AndroidManifest.xml:100:13-44
130            android:enabled="false"
130-->[androidx.work:work-runtime:2.3.4] AndroidManifest.xml:101:13-36
131            android:exported="false" >
131-->[androidx.work:work-runtime:2.3.4] AndroidManifest.xml:102:13-37
132            <intent-filter>
132-->[androidx.work:work-runtime:2.3.4] AndroidManifest.xml:104:13-106:29
133                <action android:name="android.net.conn.CONNECTIVITY_CHANGE" />
133-->[androidx.work:work-runtime:2.3.4] AndroidManifest.xml:105:17-79
133-->[androidx.work:work-runtime:2.3.4] AndroidManifest.xml:105:25-76
134            </intent-filter>
135        </receiver>
136        <receiver
136-->[androidx.work:work-runtime:2.3.4] AndroidManifest.xml:108:9-119:20
137            android:name="androidx.work.impl.background.systemalarm.RescheduleReceiver"
137-->[androidx.work:work-runtime:2.3.4] AndroidManifest.xml:109:13-88
138            android:directBootAware="false"
138-->[androidx.work:work-runtime:2.3.4] AndroidManifest.xml:110:13-44
139            android:enabled="false"
139-->[androidx.work:work-runtime:2.3.4] AndroidManifest.xml:111:13-36
140            android:exported="false" >
140-->[androidx.work:work-runtime:2.3.4] AndroidManifest.xml:112:13-37
141            <intent-filter>
141-->[androidx.work:work-runtime:2.3.4] AndroidManifest.xml:114:13-118:29
142                <action android:name="android.intent.action.BOOT_COMPLETED" />
142-->[androidx.work:work-runtime:2.3.4] AndroidManifest.xml:115:17-79
142-->[androidx.work:work-runtime:2.3.4] AndroidManifest.xml:115:25-76
143                <action android:name="android.intent.action.TIME_SET" />
143-->[androidx.work:work-runtime:2.3.4] AndroidManifest.xml:116:17-73
143-->[androidx.work:work-runtime:2.3.4] AndroidManifest.xml:116:25-70
144                <action android:name="android.intent.action.TIMEZONE_CHANGED" />
144-->[androidx.work:work-runtime:2.3.4] AndroidManifest.xml:117:17-81
144-->[androidx.work:work-runtime:2.3.4] AndroidManifest.xml:117:25-78
145            </intent-filter>
146        </receiver>
147        <receiver
147-->[androidx.work:work-runtime:2.3.4] AndroidManifest.xml:120:9-129:20
148            android:name="androidx.work.impl.background.systemalarm.ConstraintProxyUpdateReceiver"
148-->[androidx.work:work-runtime:2.3.4] AndroidManifest.xml:121:13-99
149            android:directBootAware="false"
149-->[androidx.work:work-runtime:2.3.4] AndroidManifest.xml:122:13-44
150            android:enabled="@bool/enable_system_alarm_service_default"
150-->[androidx.work:work-runtime:2.3.4] AndroidManifest.xml:123:13-72
151            android:exported="false" >
151-->[androidx.work:work-runtime:2.3.4] AndroidManifest.xml:124:13-37
152            <intent-filter>
152-->[androidx.work:work-runtime:2.3.4] AndroidManifest.xml:126:13-128:29
153                <action android:name="androidx.work.impl.background.systemalarm.UpdateProxies" />
153-->[androidx.work:work-runtime:2.3.4] AndroidManifest.xml:127:17-98
153-->[androidx.work:work-runtime:2.3.4] AndroidManifest.xml:127:25-95
154            </intent-filter>
155        </receiver>
156
157        <service
157-->[androidx.room:room-runtime:2.2.6] AndroidManifest.xml:25:9-28:40
158            android:name="androidx.room.MultiInstanceInvalidationService"
158-->[androidx.room:room-runtime:2.2.6] AndroidManifest.xml:26:13-74
159            android:directBootAware="true"
159-->[androidx.room:room-runtime:2.2.6] AndroidManifest.xml:27:13-43
160            android:exported="false" /> <!-- The activities will be merged into the manifest of the hosting app. -->
160-->[androidx.room:room-runtime:2.2.6] AndroidManifest.xml:28:13-37
161        <activity
161-->[com.google.android.play:core:1.10.0] AndroidManifest.xml:12:5-271
162            android:name="com.google.android.play.core.missingsplits.PlayCoreMissingSplitsActivity"
162-->[com.google.android.play:core:1.10.0] AndroidManifest.xml:12:15-102
163            android:enabled="false"
163-->[com.google.android.play:core:1.10.0] AndroidManifest.xml:12:103-126
164            android:exported="false"
164-->[com.google.android.play:core:1.10.0] AndroidManifest.xml:12:127-151
165            android:launchMode="singleInstance"
165-->[com.google.android.play:core:1.10.0] AndroidManifest.xml:12:204-239
166            android:process=":playcore_missing_splits_activity"
166-->[com.google.android.play:core:1.10.0] AndroidManifest.xml:12:152-203
167            android:stateNotNeeded="true" />
167-->[com.google.android.play:core:1.10.0] AndroidManifest.xml:12:240-269
168        <activity
168-->[com.google.android.play:core:1.10.0] AndroidManifest.xml:13:5-226
169            android:name="com.google.android.play.core.common.PlayCoreDialogWrapperActivity"
169-->[com.google.android.play:core:1.10.0] AndroidManifest.xml:13:15-95
170            android:enabled="false"
170-->[com.google.android.play:core:1.10.0] AndroidManifest.xml:13:96-119
171            android:exported="false"
171-->[com.google.android.play:core:1.10.0] AndroidManifest.xml:13:120-144
172            android:stateNotNeeded="true"
172-->[com.google.android.play:core:1.10.0] AndroidManifest.xml:13:145-174
173            android:theme="@style/Theme.PlayCore.Transparent" /> <!-- The services will be merged into the manifest of the hosting app. -->
173-->[com.google.android.play:core:1.10.0] AndroidManifest.xml:13:175-224
174        <service
174-->[com.google.android.play:core:1.10.0] AndroidManifest.xml:16:5-18:15
175            android:name="com.google.android.play.core.assetpacks.AssetPackExtractionService"
175-->[com.google.android.play:core:1.10.0] AndroidManifest.xml:16:14-95
176            android:enabled="false"
176-->[com.google.android.play:core:1.10.0] AndroidManifest.xml:16:96-119
177            android:exported="true" >
177-->[com.google.android.play:core:1.10.0] AndroidManifest.xml:16:120-143
178            <meta-data
178-->[com.google.android.play:core:1.10.0] AndroidManifest.xml:17:7-108
179                android:name="com.google.android.play.core.assetpacks.versionCode"
179-->[com.google.android.play:core:1.10.0] AndroidManifest.xml:17:18-84
180                android:value="11000" />
180-->[com.google.android.play:core:1.10.0] AndroidManifest.xml:17:85-106
181        </service>
182        <service
182-->[com.google.android.play:core:1.10.0] AndroidManifest.xml:19:5-147
183            android:name="com.google.android.play.core.assetpacks.ExtractionForegroundService"
183-->[com.google.android.play:core:1.10.0] AndroidManifest.xml:19:14-96
184            android:enabled="false"
184-->[com.google.android.play:core:1.10.0] AndroidManifest.xml:19:97-120
185            android:exported="false" />
185-->[com.google.android.play:core:1.10.0] AndroidManifest.xml:19:121-145
186    </application>
187
188</manifest>